[0m15:19:51.194816 [debug] [MainThread]: Sending event: {'category': 'dbt', 'action': 'invocation', 'label': 'start', 'context': [<snowplow_tracker.self_describing_json.SelfDescribingJson object at 0x102e272e0>, <snowplow_tracker.self_describing_json.SelfDescribingJson object at 0x106746130>, <snowplow_tracker.self_describing_json.SelfDescribingJson object at 0x106746430>]}


============================== 15:19:51.330947 | d155a072-f8d1-4632-90e6-92e12dd51322 ==============================
[0m15:19:51.330947 [info ] [MainThread]: Running with dbt=1.8.3
[0m15:19:51.337007 [debug] [MainThread]: running dbt with arguments {'printer_width': '80', 'indirect_selection': 'eager', 'log_cache_events': 'False', 'write_json': 'True', 'partial_parse': 'True', 'cache_selected_only': 'False', 'profiles_dir': '/Users/felixciawinson/.dbt', 'debug': 'False', 'warn_error': 'None', 'log_path': 'logs', 'version_check': 'True', 'fail_fast': 'False', 'use_colors': 'True', 'use_experimental_parser': 'False', 'empty': 'None', 'quiet': 'False', 'no_print': 'None', 'log_format': 'default', 'static_parser': 'True', 'invocation_command': 'dbt debug', 'introspect': 'True', 'target_path': 'None', 'warn_error_options': 'WarnErrorOptions(include=[], exclude=[])', 'send_anonymous_usage_stats': 'True'}
[0m15:19:51.403280 [info ] [MainThread]: dbt version: 1.8.3
[0m15:19:51.404508 [info ] [MainThread]: python version: 3.9.6
[0m15:19:51.404852 [info ] [MainThread]: python path: /Users/felixciawinson/Projects/dbt-gcp/dbt-env/bin/python3
[0m15:19:51.405322 [info ] [MainThread]: os info: macOS-14.2-arm64-arm-64bit
[0m15:20:06.154553 [info ] [MainThread]: Using profiles dir at /Users/felixciawinson/.dbt
[0m15:20:06.156112 [info ] [MainThread]: Using profiles.yml file at /Users/felixciawinson/.dbt/profiles.yml
[0m15:20:06.156559 [info ] [MainThread]: Using dbt_project.yml file at /Users/felixciawinson/Projects/dbt-gcp/dbt_project.yml
[0m15:20:06.156934 [info ] [MainThread]: adapter type: bigquery
[0m15:20:06.157240 [info ] [MainThread]: adapter version: 1.8.2
[0m15:20:06.157574 [info ] [MainThread]: Configuration:
[0m15:20:06.157866 [info ] [MainThread]:   profiles.yml file [[32mOK found and valid[0m]
[0m15:20:06.158156 [info ] [MainThread]:   dbt_project.yml file [[31mERROR not found[0m]
[0m15:20:06.158444 [info ] [MainThread]: Required dependencies:
[0m15:20:06.158784 [debug] [MainThread]: Executing "git --help"
[0m15:20:06.356523 [debug] [MainThread]: STDOUT: "b"usage: git [-v | --version] [-h | --help] [-C <path>] [-c <name>=<value>]\n           [--exec-path[=<path>]] [--html-path] [--man-path] [--info-path]\n           [-p | --paginate | -P | --no-pager] [--no-replace-objects] [--bare]\n           [--git-dir=<path>] [--work-tree=<path>] [--namespace=<name>]\n           [--config-env=<name>=<envvar>] <command> [<args>]\n\nThese are common Git commands used in various situations:\n\nstart a working area (see also: git help tutorial)\n   clone     Clone a repository into a new directory\n   init      Create an empty Git repository or reinitialize an existing one\n\nwork on the current change (see also: git help everyday)\n   add       Add file contents to the index\n   mv        Move or rename a file, a directory, or a symlink\n   restore   Restore working tree files\n   rm        Remove files from the working tree and from the index\n\nexamine the history and state (see also: git help revisions)\n   bisect    Use binary search to find the commit that introduced a bug\n   diff      Show changes between commits, commit and working tree, etc\n   grep      Print lines matching a pattern\n   log       Show commit logs\n   show      Show various types of objects\n   status    Show the working tree status\n\ngrow, mark and tweak your common history\n   branch    List, create, or delete branches\n   commit    Record changes to the repository\n   merge     Join two or more development histories together\n   rebase    Reapply commits on top of another base tip\n   reset     Reset current HEAD to the specified state\n   switch    Switch branches\n   tag       Create, list, delete or verify a tag object signed with GPG\n\ncollaborate (see also: git help workflows)\n   fetch     Download objects and refs from another repository\n   pull      Fetch from and integrate with another repository or a local branch\n   push      Update remote refs along with associated objects\n\n'git help -a' and 'git help -g' list available subcommands and some\nconcept guides. See 'git help <command>' or 'git help <concept>'\nto read about a specific subcommand or concept.\nSee 'git help git' for an overview of the system.\n""
[0m15:20:06.358042 [debug] [MainThread]: STDERR: "b''"
[0m15:20:06.358470 [info ] [MainThread]:  - git [[32mOK found[0m]

[0m15:20:06.358861 [info ] [MainThread]: Connection:
[0m15:20:06.359974 [info ] [MainThread]:   method: oauth
[0m15:20:06.360381 [info ] [MainThread]:   database: fc-data-engineering
[0m15:20:06.360679 [info ] [MainThread]:   execution_project: fc-data-engineering
[0m15:20:06.360969 [info ] [MainThread]:   schema: dbt_models
[0m15:20:06.361252 [info ] [MainThread]:   location: US
[0m15:20:06.361635 [info ] [MainThread]:   priority: interactive
[0m15:20:06.361951 [info ] [MainThread]:   maximum_bytes_billed: None
[0m15:20:06.362246 [info ] [MainThread]:   impersonate_service_account: None
[0m15:20:06.362546 [info ] [MainThread]:   job_retry_deadline_seconds: None
[0m15:20:06.362848 [info ] [MainThread]:   job_retries: 1
[0m15:20:06.363134 [info ] [MainThread]:   job_creation_timeout_seconds: None
[0m15:20:06.363414 [info ] [MainThread]:   job_execution_timeout_seconds: 300
[0m15:20:06.363699 [info ] [MainThread]:   timeout_seconds: 300
[0m15:20:06.363978 [info ] [MainThread]:   client_id: None
[0m15:20:06.364255 [info ] [MainThread]:   token_uri: None
[0m15:20:06.364532 [info ] [MainThread]:   dataproc_region: None
[0m15:20:06.364817 [info ] [MainThread]:   dataproc_cluster_name: None
[0m15:20:06.365116 [info ] [MainThread]:   gcs_bucket: None
[0m15:20:06.365397 [info ] [MainThread]:   dataproc_batch: None
[0m15:20:06.366228 [info ] [MainThread]: Registered adapter: bigquery=1.8.2
[0m15:20:06.396659 [debug] [MainThread]: Acquiring new bigquery connection 'debug'
[0m15:20:06.544715 [debug] [MainThread]: Opening a new connection, currently in state init
[0m15:20:10.032163 [debug] [MainThread]: BigQuery adapter: Got an error when attempting to create a bigquery client: 'Runtime Error
  Failed to authenticate with supplied credentials
  error:
  Your default credentials were not found. To set up Application Default Credentials, see https://cloud.google.com/docs/authentication/external/set-up-adc for more information.'
[0m15:20:10.035037 [info ] [MainThread]:   Connection test: [[31mERROR[0m]

[0m15:20:10.037620 [info ] [MainThread]: [31m2 checks failed:[0m
[0m15:20:10.039199 [info ] [MainThread]: Project loading failed for the following reason:
 project path </Users/felixciawinson/Projects/dbt-gcp/dbt_project.yml> not found

[0m15:20:10.050425 [info ] [MainThread]: dbt was unable to connect to the specified database.
The database returned the following error:

  >Database Error
  Runtime Error
    Failed to authenticate with supplied credentials
    error:
    Your default credentials were not found. To set up Application Default Credentials, see https://cloud.google.com/docs/authentication/external/set-up-adc for more information.

Check your database credentials and try again. For more information, visit:
https://docs.getdbt.com/docs/configure-your-profile


[0m15:20:10.053657 [debug] [MainThread]: Resource report: {"command_name": "debug", "command_wall_clock_time": 19.844196, "process_user_time": 1.926107, "process_kernel_time": 0.810964, "process_mem_max_rss": "171966464", "command_success": false, "process_in_blocks": "0", "process_out_blocks": "0"}
[0m15:20:10.054538 [debug] [MainThread]: Command `dbt debug` failed at 15:20:10.054420 after 19.85 seconds
[0m15:20:10.055328 [debug] [MainThread]: Connection 'debug' was properly closed.
[0m15:20:10.055862 [debug] [MainThread]: Sending event: {'category': 'dbt', 'action': 'invocation', 'label': 'end', 'context': [<snowplow_tracker.self_describing_json.SelfDescribingJson object at 0x102e272e0>, <snowplow_tracker.self_describing_json.SelfDescribingJson object at 0x106542b80>, <snowplow_tracker.self_describing_json.SelfDescribingJson object at 0x1270a2df0>]}
[0m15:20:10.056731 [debug] [MainThread]: Flushing usage events
